<?xml version="1.0" encoding="UTF-8"?>
<!-- Generated by org.testng.reporters.JUnitReportReporter -->
<testsuite skipped="1" hostname="PRASANNA" name="Testng.task1.Practice" tests="8" failures="0" timestamp="26 Jan 2023 09:16:52 GMT" time="0.016" errors="0">
  <testcase name="test4" time="0.011" classname="Testng.task1.Practice"/>
  <testcase name="test3" time="0.001" classname="Testng.task1.Practice"/>
  <testcase name="test3" time="0.000" classname="Testng.task1.Practice"/>
  <testcase name="test3" time="0.001" classname="Testng.task1.Practice"/>
  <testcase name="test3" time="0.002" classname="Testng.task1.Practice"/>
  <testcase name="test3" time="0.000" classname="Testng.task1.Practice"/>
  <testcase name="test1" time="0.001" classname="Testng.task1.Practice"/>
  <testcase name="test2" classname="Testng.task1.Practice">
    <skipped/>
  </testcase> <!-- test2 -->
</testsuite> <!-- Testng.task1.Practice -->
