<?xml version="1.0" encoding="UTF-8"?>
<!-- Generated by org.testng.reporters.JUnitReportReporter -->
<testsuite skipped="0" hostname="PRASANNA" name="Data.provider.sample" tests="2" failures="0" timestamp="29 Jan 2023 15:53:44 GMT" time="59.768" errors="0">
  <testcase name="test" time="51.929" classname="Data.provider.sample"/>
  <testcase name="test" time="7.839" classname="Data.provider.sample"/>
</testsuite> <!-- Data.provider.sample -->
