<?xml version="1.0" encoding="UTF-8"?>
<!-- Generated by org.testng.reporters.JUnitReportReporter -->
<testsuite skipped="0" hostname="PRASANNA" name="AssertClass.HardAssert" tests="1" failures="0" timestamp="28 Jan 2023 04:01:08 GMT" time="1.493" errors="0">
  <testcase name="test" time="1.493" classname="AssertClass.HardAssert"/>
</testsuite> <!-- AssertClass.HardAssert -->
