<?xml version="1.0" encoding="UTF-8"?>
<!-- Generated by org.testng.reporters.JUnitReportReporter -->
<testsuite skipped="0" hostname="PRASANNA" name="Data.provider.Dataprovider" tests="2" failures="0" timestamp="16 Feb 2023 07:09:26 GMT" time="15.180" errors="0">
  <testcase name="test" time="7.677" classname="Data.provider.Dataprovider"/>
  <testcase name="test" time="7.503" classname="Data.provider.Dataprovider"/>
</testsuite> <!-- Data.provider.Dataprovider -->
